<?xml version="1.0" encoding="UTF-8"?>
<testsuite name="com.fullcycle.admin.catolog.application.UseCaseTest" tests="1" skipped="0" failures="0" errors="0" timestamp="2022-08-24T02:47:35" hostname="zenvia-005984" time="0.011">
  <properties/>
  <testcase name="testCreateUseCase()" classname="com.fullcycle.admin.catolog.application.UseCaseTest" time="0.011"/>
  <system-out><![CDATA[]]></system-out>
  <system-err><![CDATA[]]></system-err>
</testsuite>
