<?xml version="1.0" encoding="UTF-8"?>
<testsuite name="com.fullcycle.admin.catolog.domain.category.CategoryTest" tests="2" skipped="0" failures="0" errors="0" timestamp="2022-08-24T02:47:35" hostname="zenvia-005984" time="0.016">
  <properties/>
  <testcase name="givenAnInvalidName_whenCallNewCategoryAndValidate_thenShouldReceivedError()" classname="com.fullcycle.admin.catolog.domain.category.CategoryTest" time="0.014"/>
  <testcase name="givenAValidParams_whenCallNewCategory_thenInstantiateACategory()" classname="com.fullcycle.admin.catolog.domain.category.CategoryTest" time="0.001"/>
  <system-out><![CDATA[]]></system-out>
  <system-err><![CDATA[]]></system-err>
</testsuite>
