<?xml version="1.0" encoding="UTF-8"?>
<testsuite name="com.fullcycle.admin.catolog.domain.category.CategoryTest" tests="1" skipped="0" failures="0" errors="0" timestamp="2022-08-23T16:30:35" hostname="zenvia-005984" time="0.017">
  <properties/>
  <testcase name="givenAValidParams_whenCallNewCategory_thenInstantiateACategory()" classname="com.fullcycle.admin.catolog.domain.category.CategoryTest" time="0.017"/>
  <system-out><![CDATA[]]></system-out>
  <system-err><![CDATA[]]></system-err>
</testsuite>
